<?xml version="1.0" encoding="UTF-8" ?>
<testsuite errors="0" failures="0" hostname="Warisas-MacBook-Pro.local" name="RationalTest" skipped="0" tests="8" time="0.045" timestamp="2023-09-19T07:21:16">
  <properties>
[...]
</properties>
  <testcase classname="RationalTest" name="testAdd" time="0.005" />
  <testcase classname="RationalTest" name="testSubtract" time="0.0" />
  <testcase classname="RationalTest" name="testToString" time="0.005" />
  <testcase classname="RationalTest" name="testCompareTo" time="0.0" />
  <testcase classname="RationalTest" name="testDivide" time="0.0" />
  <testcase classname="RationalTest" name="testEquals" time="0.001" />
  <testcase classname="RationalTest" name="testMultiply" time="0.0" />
  <testcase classname="RationalTest" name="testConstructor" time="0.0" />
  <system-out><![CDATA[]]></system-out>
  <system-err><![CDATA[]]></system-err>
</testsuite>
